_Bulid/launcher/build/intermediates/manifest_merge_blame_file/release/manifest-merger-blame-release-report.txt
1<?xml version="1.0" encoding="utf-8"?>
2<manifest xmlns:android="http://schemas.android.com/apk/res/android"
3    package="com.DefaultCompany.Voicegame"
4    android:installLocation="preferExternal"
5    android:versionCode="1"
6    android:versionName="1.0" >
7
8    <uses-sdk
9        android:minSdkVersion="22"
9-->src\main\AndroidManifest.xml
10        android:targetSdkVersion="34" />
10-->src\main\AndroidManifest.xml
11
12    <supports-screens
12-->src\main\AndroidManifest.xml:4:3-163
13        android:anyDensity="true"
13-->src\main\AndroidManifest.xml:4:135-160
14        android:largeScreens="true"
14-->src\main\AndroidManifest.xml:4:78-105
15        android:normalScreens="true"
15-->src\main\AndroidManifest.xml:4:49-77
16        android:smallScreens="true"
16-->src\main\AndroidManifest.xml:4:21-48
17        android:xlargeScreens="true" />
17-->src\main\AndroidManifest.xml:4:106-134
18
19    <uses-permission android:name="android.permission.RECORD_AUDIO" />
19-->[:unityLibrary] AndroidManifest.xml:8:5-71
19-->[:unityLibrary] AndroidManifest.xml:8:22-68
20    <uses-permission android:name="android.permission.MODIFY_AUDIO_SETTINGS" />
20-->[:unityLibrary] AndroidManifest.xml:9:5-80
20-->[:unityLibrary] AndroidManifest.xml:9:22-77
21    <uses-permission android:name="android.permission.BLUETOOTH" />
21-->[:unityLibrary] AndroidManifest.xml:10:5-68
21-->[:unityLibrary] AndroidManifest.xml:10:22-65
22
23    <uses-feature android:glEsVersion="0x00030000" />
23-->[:unityLibrary] AndroidManifest.xml:12:5-54
23-->[:unityLibrary] AndroidManifest.xml:12:19-51
24    <uses-feature
24-->[:unityLibrary] AndroidManifest.xml:13:5-15:36
25        android:name="android.hardware.vulkan.version"
25-->[:unityLibrary] AndroidManifest.xml:14:9-55
26        android:required="false" />
26-->[:unityLibrary] AndroidManifest.xml:15:9-33
27    <uses-feature
27-->[:unityLibrary] AndroidManifest.xml:16:5-18:36
28        android:name="android.hardware.microphone"
28-->[:unityLibrary] AndroidManifest.xml:17:9-51
29        android:required="false" />
29-->[:unityLibrary] AndroidManifest.xml:18:9-33
30    <uses-feature
30-->[:unityLibrary] AndroidManifest.xml:19:5-21:36
31        android:name="android.hardware.touchscreen"
31-->[:unityLibrary] AndroidManifest.xml:20:9-52
32        android:required="false" />
32-->[:unityLibrary] AndroidManifest.xml:21:9-33
33    <uses-feature
33-->[:unityLibrary] AndroidManifest.xml:22:5-24:36
34        android:name="android.hardware.touchscreen.multitouch"
34-->[:unityLibrary] AndroidManifest.xml:23:9-63
35        android:required="false" />
35-->[:unityLibrary] AndroidManifest.xml:24:9-33
36    <uses-feature
36-->[:unityLibrary] AndroidManifest.xml:25:5-27:36
37        android:name="android.hardware.touchscreen.multitouch.distinct"
37-->[:unityLibrary] AndroidManifest.xml:26:9-72
38        android:required="false" />
38-->[:unityLibrary] AndroidManifest.xml:27:9-33
39
40    <application
40-->src\main\AndroidManifest.xml:3:3-83
41        android:extractNativeLibs="true"
41-->[:unityLibrary] AndroidManifest.xml:29:18-50
42        android:icon="@mipmap/app_icon"
42-->src\main\AndroidManifest.xml:3:49-80
43        android:label="@string/app_name" >
43-->src\main\AndroidManifest.xml:3:16-48
44        <meta-data
44-->[:unityLibrary] AndroidManifest.xml:30:9-32:33
45            android:name="unity.splash-mode"
45-->[:unityLibrary] AndroidManifest.xml:31:13-45
46            android:value="0" />
46-->[:unityLibrary] AndroidManifest.xml:32:13-30
47        <meta-data
47-->[:unityLibrary] AndroidManifest.xml:33:9-35:36
48            android:name="unity.splash-enable"
48-->[:unityLibrary] AndroidManifest.xml:34:13-47
49            android:value="True" />
49-->[:unityLibrary] AndroidManifest.xml:35:13-33
50        <meta-data
50-->[:unityLibrary] AndroidManifest.xml:36:9-38:36
51            android:name="unity.launch-fullscreen"
51-->[:unityLibrary] AndroidManifest.xml:37:13-51
52            android:value="True" />
52-->[:unityLibrary] AndroidManifest.xml:38:13-33
53        <meta-data
53-->[:unityLibrary] AndroidManifest.xml:39:9-41:36
54            android:name="unity.render-outside-safearea"
54-->[:unityLibrary] AndroidManifest.xml:40:13-57
55            android:value="True" />
55-->[:unityLibrary] AndroidManifest.xml:41:13-33
56        <meta-data
56-->[:unityLibrary] AndroidManifest.xml:42:9-44:50
57            android:name="notch.config"
57-->[:unityLibrary] AndroidManifest.xml:43:13-40
58            android:value="portrait|landscape" />
58-->[:unityLibrary] AndroidManifest.xml:44:13-47
59        <meta-data
59-->[:unityLibrary] AndroidManifest.xml:45:9-47:36
60            android:name="unity.auto-report-fully-drawn"
60-->[:unityLibrary] AndroidManifest.xml:46:13-57
61            android:value="true" />
61-->[:unityLibrary] AndroidManifest.xml:47:13-33
62
63        <activity
63-->[:unityLibrary] AndroidManifest.xml:49:9-70:20
64            android:name="com.unity3d.player.UnityPlayerActivity"
64-->[:unityLibrary] AndroidManifest.xml:50:13-66
65            android:configChanges="mcc|mnc|locale|touchscreen|keyboard|keyboardHidden|navigation|orientation|screenLayout|uiMode|screenSize|smallestScreenSize|fontScale|layoutDirection|density"
65-->[:unityLibrary] AndroidManifest.xml:51:13-194
66            android:exported="true"
66-->[:unityLibrary] AndroidManifest.xml:52:13-36
67            android:hardwareAccelerated="false"
67-->[:unityLibrary] AndroidManifest.xml:53:13-48
68            android:launchMode="singleTask"
68-->[:unityLibrary] AndroidManifest.xml:54:13-44
69            android:resizeableActivity="false"
69-->[:unityLibrary] AndroidManifest.xml:55:13-47
70            android:screenOrientation="fullUser"
70-->[:unityLibrary] AndroidManifest.xml:56:13-49
71            android:theme="@style/UnityThemeSelector" >
71-->[:unityLibrary] AndroidManifest.xml:57:13-54
72            <intent-filter>
72-->[:unityLibrary] AndroidManifest.xml:58:13-62:29
73                <category android:name="android.intent.category.LAUNCHER" />
73-->[:unityLibrary] AndroidManifest.xml:59:17-77
73-->[:unityLibrary] AndroidManifest.xml:59:27-74
74
75                <action android:name="android.intent.action.MAIN" />
75-->[:unityLibrary] AndroidManifest.xml:61:17-69
75-->[:unityLibrary] AndroidManifest.xml:61:25-66
76            </intent-filter>
77
78            <meta-data
78-->[:unityLibrary] AndroidManifest.xml:64:13-66:40
79                android:name="unityplayer.UnityActivity"
79-->[:unityLibrary] AndroidManifest.xml:65:17-57
80                android:value="true" />
80-->[:unityLibrary] AndroidManifest.xml:66:17-37
81            <meta-data
81-->[:unityLibrary] AndroidManifest.xml:67:13-69:40
82                android:name="notch_support"
82-->[:unityLibrary] AndroidManifest.xml:68:17-45
83                android:value="true" />
83-->[:unityLibrary] AndroidManifest.xml:69:17-37
84        </activity>
85    </application>
86
87</manifest>